[15:36:51] [main/INFO]: Loading Minecraft 1.20.1 with Fabric Loader 0.19.1
[15:36:51] [main/INFO]: Fabric is preparing JARs on first launch, this may take a few seconds...
[15:36:52] [main/INFO]: Loading 4 mods:
	- fabricloader 0.19.1
	   \-- mixinextras 0.5.3
	- java 17
	- minecraft 1.20.1
[15:36:52] [main/INFO]: SpongePowered MIXIN Subsystem Version=0.8.7 Source=file:/workspaces/GSP-GITHUB-SERVER-PROJECT/minecraft-server/serverfiles/libraries/net/fabricmc/sponge-mixin/0.17.1+mixin.0.8.7/sponge-mixin-0.17.1+mixin.0.8.7.jar Service=Knot/Fabric Env=SERVER
[15:36:59] [main/INFO]: Environment: authHost='https://authserver.mojang.com', accountsHost='https://api.mojang.com', sessionHost='https://sessionserver.mojang.com', servicesHost='https://api.minecraftservices.com', name='PROD'
[15:37:00] [main/WARN]: Failed to parse level-type default, defaulting to minecraft:normal
[15:37:01] [main/INFO]: Loaded 7 recipes
[15:37:01] [main/INFO]: Loaded 1271 advancements
[15:37:02] [Server thread/INFO]: Starting minecraft server version 1.20.1
[15:37:02] [Server thread/INFO]: Loading properties
[15:37:02] [Server thread/INFO]: Default game type: SURVIVAL
[15:37:02] [Server thread/INFO]: Generating keypair
[15:37:02] [Server thread/INFO]: Starting Minecraft server on *:25565
[15:37:02] [Server thread/INFO]: Using epoll channel type
[15:37:03] [Server thread/WARN]: **** SERVER IS RUNNING IN OFFLINE/INSECURE MODE!
[15:37:03] [Server thread/WARN]: The server will make no attempt to authenticate usernames. Beware.
[15:37:03] [Server thread/WARN]: While this makes the game possible to play without internet access, it also opens up the ability for hackers to connect with any username they choose.
[15:37:03] [Server thread/WARN]: To change this, set "online-mode" to "true" in the server.properties file.
[15:37:03] [Server thread/INFO]: Preparing level "world"
[15:37:11] [Server thread/INFO]: Preparing start region for dimension minecraft:overworld
[15:37:13] [Worker-Main-1/INFO]: Preparing spawn area: 0%
[15:37:13] [Worker-Main-1/INFO]: Preparing spawn area: 0%
[15:37:13] [Worker-Main-3/INFO]: Preparing spawn area: 0%
[15:37:13] [Worker-Main-2/INFO]: Preparing spawn area: 0%
[15:37:13] [Worker-Main-1/INFO]: Preparing spawn area: 0%
[15:37:14] [Worker-Main-2/INFO]: Preparing spawn area: 0%
[15:37:14] [Worker-Main-1/INFO]: Preparing spawn area: 0%
[15:37:15] [Worker-Main-3/INFO]: Preparing spawn area: 0%
[15:37:15] [Worker-Main-2/INFO]: Preparing spawn area: 0%
[15:37:16] [Worker-Main-2/INFO]: Preparing spawn area: 1%
[15:37:16] [Worker-Main-1/INFO]: Preparing spawn area: 1%
[15:37:17] [Worker-Main-1/INFO]: Preparing spawn area: 2%
[15:37:17] [Worker-Main-1/INFO]: Preparing spawn area: 2%
[15:37:18] [Worker-Main-3/INFO]: Preparing spawn area: 3%
[15:37:18] [Worker-Main-1/INFO]: Preparing spawn area: 4%
[15:37:19] [Worker-Main-3/INFO]: Preparing spawn area: 4%
[15:37:19] [Worker-Main-2/INFO]: Preparing spawn area: 4%
[15:37:20] [Worker-Main-3/INFO]: Preparing spawn area: 5%
[15:37:20] [Worker-Main-3/INFO]: Preparing spawn area: 5%
[15:37:21] [Worker-Main-2/INFO]: Preparing spawn area: 6%
[15:37:21] [Worker-Main-2/INFO]: Preparing spawn area: 7%
[15:37:22] [Worker-Main-2/INFO]: Preparing spawn area: 9%
[15:37:22] [Worker-Main-3/INFO]: Preparing spawn area: 10%
[15:37:23] [Worker-Main-2/INFO]: Preparing spawn area: 11%
[15:37:23] [Worker-Main-3/INFO]: Preparing spawn area: 12%
[15:37:24] [Worker-Main-3/INFO]: Preparing spawn area: 13%
[15:37:24] [Worker-Main-2/INFO]: Preparing spawn area: 15%
[15:37:25] [Worker-Main-3/INFO]: Preparing spawn area: 16%
[15:37:25] [Worker-Main-1/INFO]: Preparing spawn area: 17%
[15:37:26] [Worker-Main-1/INFO]: Preparing spawn area: 19%
[15:37:26] [Worker-Main-1/INFO]: Preparing spawn area: 19%
[15:37:27] [Worker-Main-2/INFO]: Preparing spawn area: 20%
[15:37:27] [Worker-Main-2/INFO]: Preparing spawn area: 22%
[15:37:28] [Worker-Main-2/INFO]: Preparing spawn area: 24%
[15:37:28] [Worker-Main-1/INFO]: Preparing spawn area: 26%
[15:37:29] [Worker-Main-3/INFO]: Preparing spawn area: 27%
[15:37:29] [Worker-Main-3/INFO]: Preparing spawn area: 28%
[15:37:30] [Worker-Main-1/INFO]: Preparing spawn area: 30%
[15:37:30] [Worker-Main-1/INFO]: Preparing spawn area: 32%
[15:37:31] [Worker-Main-1/INFO]: Preparing spawn area: 33%
[15:37:31] [Worker-Main-2/INFO]: Preparing spawn area: 35%
[15:37:32] [Worker-Main-1/INFO]: Preparing spawn area: 37%
[15:37:32] [Worker-Main-2/INFO]: Preparing spawn area: 38%
[15:37:33] [Worker-Main-2/INFO]: Preparing spawn area: 40%
[15:37:33] [Worker-Main-2/INFO]: Preparing spawn area: 42%
[15:37:34] [Worker-Main-3/INFO]: Preparing spawn area: 43%
[15:37:34] [Worker-Main-1/INFO]: Preparing spawn area: 44%
[15:37:35] [Worker-Main-1/INFO]: Preparing spawn area: 45%
[15:37:35] [Worker-Main-2/INFO]: Preparing spawn area: 48%
[15:37:36] [Worker-Main-1/INFO]: Preparing spawn area: 49%
[15:37:36] [Worker-Main-2/INFO]: Preparing spawn area: 52%
[15:37:37] [Worker-Main-2/INFO]: Preparing spawn area: 54%
[15:37:37] [Worker-Main-1/INFO]: Preparing spawn area: 55%
[15:37:38] [Worker-Main-2/INFO]: Preparing spawn area: 58%
[15:37:38] [Worker-Main-3/INFO]: Preparing spawn area: 60%
[15:37:39] [Worker-Main-3/INFO]: Preparing spawn area: 62%
[15:37:39] [Worker-Main-1/INFO]: Preparing spawn area: 63%
[15:37:40] [Worker-Main-2/INFO]: Preparing spawn area: 65%
[15:37:40] [Worker-Main-3/INFO]: Preparing spawn area: 67%
[15:37:41] [Worker-Main-1/INFO]: Preparing spawn area: 68%
[15:37:41] [Worker-Main-3/INFO]: Preparing spawn area: 70%
[15:37:42] [Worker-Main-1/INFO]: Preparing spawn area: 72%
[15:37:42] [Worker-Main-1/INFO]: Preparing spawn area: 74%
[15:37:43] [Worker-Main-3/INFO]: Preparing spawn area: 76%
[15:37:43] [Worker-Main-3/INFO]: Preparing spawn area: 80%
[15:37:44] [Worker-Main-1/INFO]: Preparing spawn area: 82%
[15:37:44] [Worker-Main-1/INFO]: Preparing spawn area: 84%
[15:37:45] [Worker-Main-1/INFO]: Preparing spawn area: 86%
[15:37:45] [Worker-Main-2/INFO]: Preparing spawn area: 88%
[15:37:46] [Worker-Main-2/INFO]: Preparing spawn area: 90%
[15:37:46] [Worker-Main-2/INFO]: Preparing spawn area: 92%
[15:37:47] [Worker-Main-3/INFO]: Preparing spawn area: 94%
[15:37:47] [Worker-Main-3/INFO]: Preparing spawn area: 97%
[15:37:47] [Server thread/INFO]: Time elapsed: 36321 ms
[15:37:47] [Server thread/INFO]: Done (44.889s)! For help, type "help"
[15:37:47] [Server thread/INFO]: Starting GS4 status listener
[15:37:47] [Server thread/INFO]: Thread Query Listener started
[15:37:47] [Query Listener #1/INFO]: Query running on 0.0.0.0:25565
[15:38:00] [Server thread/INFO]: ronalpr8w[/127.129.104.207:55897] logged in with entity id 307 at (-11.5, 70.0, 16.5)
[15:38:00] [Server thread/INFO]: ronalpr8w joined the game
[15:40:39] [Server thread/INFO]: ronalpr8w lost connection: Disconnected
[15:40:39] [Server thread/INFO]: ronalpr8w left the game
[15:41:28] [Server thread/INFO]: Unknown or incomplete command, see below for error
[15:41:28] [Server thread/INFO]: <--[HERE]
[15:41:28] [Server thread/INFO]: Stopping the server
[15:41:28] [Server thread/INFO]: Stopping server
[15:41:28] [Server thread/INFO]: Saving players
[15:41:28] [Server thread/INFO]: Saving worlds
[15:41:30] [Server thread/INFO]: Saving chunks for level 'ServerLevel[world]'/minecraft:overworld
[15:41:33] [Server thread/INFO]: Saving chunks for level 'ServerLevel[world]'/minecraft:the_nether
[15:41:33] [Server thread/INFO]: Saving chunks for level 'ServerLevel[world]'/minecraft:the_end
[15:41:33] [Server thread/INFO]: ThreadedAnvilChunkStorage (world): All chunks are saved
[15:41:33] [Server thread/INFO]: ThreadedAnvilChunkStorage (DIM-1): All chunks are saved
[15:41:33] [Server thread/INFO]: ThreadedAnvilChunkStorage (DIM1): All chunks are saved
[15:41:33] [Server thread/INFO]: ThreadedAnvilChunkStorage: All dimensions are saved
[15:41:34] [Server thread/INFO]: Thread Query Listener stopped
