Downloading Minecraft server
Installing Fabric Loader 0.19.1(1.20.1) on the server
Downloading required files
Downloading library org.ow2.asm:asm:9.9
Downloading library org.ow2.asm:asm-analysis:9.9
Downloading library org.ow2.asm:asm-commons:9.9
Downloading library org.ow2.asm:asm-tree:9.9
Downloading library org.ow2.asm:asm-util:9.9
Downloading library net.fabricmc:sponge-mixin:0.17.1+mixin.0.8.7
Downloading library net.fabricmc:intermediary:1.20.1
Downloading library net.fabricmc:fabric-loader:0.19.1
Generating server launch JAR
Unpacking 1.20.1/server-1.20.1.jar (versions:1.20.1) to versions/1.20.1/server-1.20.1.jar
Unpacking com/github/oshi/oshi-core/6.2.2/oshi-core-6.2.2.jar (libraries:com.github.oshi:oshi-core:6.2.2) to libraries/com/github/oshi/oshi-core/6.2.2/oshi-core-6.2.2.jar
Unpacking com/google/code/gson/gson/2.10/gson-2.10.jar (libraries:com.google.code.gson:gson:2.10) to libraries/com/google/code/gson/gson/2.10/gson-2.10.jar
Unpacking com/google/guava/failureaccess/1.0.1/failureaccess-1.0.1.jar (libraries:com.google.guava:failureaccess:1.0.1) to libraries/com/google/guava/failureaccess/1.0.1/failureaccess-1.0.1.jar
Unpacking com/google/guava/guava/31.1-jre/guava-31.1-jre.jar (libraries:com.google.guava:guava:31.1-jre) to libraries/com/google/guava/guava/31.1-jre/guava-31.1-jre.jar
Unpacking com/mojang/authlib/4.0.43/authlib-4.0.43.jar (libraries:com.mojang:authlib:4.0.43) to libraries/com/mojang/authlib/4.0.43/authlib-4.0.43.jar
Unpacking com/mojang/brigadier/1.1.8/brigadier-1.1.8.jar (libraries:com.mojang:brigadier:1.1.8) to libraries/com/mojang/brigadier/1.1.8/brigadier-1.1.8.jar
Unpacking com/mojang/datafixerupper/6.0.8/datafixerupper-6.0.8.jar (libraries:com.mojang:datafixerupper:6.0.8) to libraries/com/mojang/datafixerupper/6.0.8/datafixerupper-6.0.8.jar
Unpacking com/mojang/logging/1.1.1/logging-1.1.1.jar (libraries:com.mojang:logging:1.1.1) to libraries/com/mojang/logging/1.1.1/logging-1.1.1.jar
Unpacking commons-io/commons-io/2.11.0/commons-io-2.11.0.jar (libraries:commons-io:commons-io:2.11.0) to libraries/commons-io/commons-io/2.11.0/commons-io-2.11.0.jar
Unpacking io/netty/netty-buffer/4.1.82.Final/netty-buffer-4.1.82.Final.jar (libraries:io.netty:netty-buffer:4.1.82.Final) to libraries/io/netty/netty-buffer/4.1.82.Final/netty-buffer-4.1.82.Final.jar
Unpacking io/netty/netty-codec/4.1.82.Final/netty-codec-4.1.82.Final.jar (libraries:io.netty:netty-codec:4.1.82.Final) to libraries/io/netty/netty-codec/4.1.82.Final/netty-codec-4.1.82.Final.jar
Unpacking io/netty/netty-common/4.1.82.Final/netty-common-4.1.82.Final.jar (libraries:io.netty:netty-common:4.1.82.Final) to libraries/io/netty/netty-common/4.1.82.Final/netty-common-4.1.82.Final.jar
Unpacking io/netty/netty-handler/4.1.82.Final/netty-handler-4.1.82.Final.jar (libraries:io.netty:netty-handler:4.1.82.Final) to libraries/io/netty/netty-handler/4.1.82.Final/netty-handler-4.1.82.Final.jar
Unpacking io/netty/netty-resolver/4.1.82.Final/netty-resolver-4.1.82.Final.jar (libraries:io.netty:netty-resolver:4.1.82.Final) to libraries/io/netty/netty-resolver/4.1.82.Final/netty-resolver-4.1.82.Final.jar
Unpacking io/netty/netty-transport/4.1.82.Final/netty-transport-4.1.82.Final.jar (libraries:io.netty:netty-transport:4.1.82.Final) to libraries/io/netty/netty-transport/4.1.82.Final/netty-transport-4.1.82.Final.jar
Unpacking io/netty/netty-transport-classes-epoll/4.1.82.Final/netty-transport-classes-epoll-4.1.82.Final.jar (libraries:io.netty:netty-transport-classes-epoll:4.1.82.Final) to libraries/io/netty/netty-transport-classes-epoll/4.1.82.Final/netty-transport-classes-epoll-4.1.82.Final.jar
Unpacking io/netty/netty-transport-native-epoll/4.1.82.Final/netty-transport-native-epoll-4.1.82.Final-linux-x86_64.jar (libraries:io.netty:netty-transport-native-epoll:4.1.82.Final:linux-x86_64) to libraries/io/netty/netty-transport-native-epoll/4.1.82.Final/netty-transport-native-epoll-4.1.82.Final-linux-x86_64.jar
Unpacking io/netty/netty-transport-native-epoll/4.1.82.Final/netty-transport-native-epoll-4.1.82.Final-linux-aarch_64.jar (libraries:io.netty:netty-transport-native-epoll:4.1.82.Final:linux-aarch_64) to libraries/io/netty/netty-transport-native-epoll/4.1.82.Final/netty-transport-native-epoll-4.1.82.Final-linux-aarch_64.jar
Unpacking io/netty/netty-transport-native-unix-common/4.1.82.Final/netty-transport-native-unix-common-4.1.82.Final.jar (libraries:io.netty:netty-transport-native-unix-common:4.1.82.Final) to libraries/io/netty/netty-transport-native-unix-common/4.1.82.Final/netty-transport-native-unix-common-4.1.82.Final.jar
Unpacking it/unimi/dsi/fastutil/8.5.9/fastutil-8.5.9.jar (libraries:it.unimi.dsi:fastutil:8.5.9) to libraries/it/unimi/dsi/fastutil/8.5.9/fastutil-8.5.9.jar
Unpacking net/java/dev/jna/jna/5.12.1/jna-5.12.1.jar (libraries:net.java.dev.jna:jna:5.12.1) to libraries/net/java/dev/jna/jna/5.12.1/jna-5.12.1.jar
Unpacking net/java/dev/jna/jna-platform/5.12.1/jna-platform-5.12.1.jar (libraries:net.java.dev.jna:jna-platform:5.12.1) to libraries/net/java/dev/jna/jna-platform/5.12.1/jna-platform-5.12.1.jar
Unpacking net/sf/jopt-simple/jopt-simple/5.0.4/jopt-simple-5.0.4.jar (libraries:net.sf.jopt-simple:jopt-simple:5.0.4) to libraries/net/sf/jopt-simple/jopt-simple/5.0.4/jopt-simple-5.0.4.jar
Unpacking org/apache/commons/commons-lang3/3.12.0/commons-lang3-3.12.0.jar (libraries:org.apache.commons:commons-lang3:3.12.0) to libraries/org/apache/commons/commons-lang3/3.12.0/commons-lang3-3.12.0.jar
Unpacking org/apache/logging/log4j/log4j-api/2.19.0/log4j-api-2.19.0.jar (libraries:org.apache.logging.log4j:log4j-api:2.19.0) to libraries/org/apache/logging/log4j/log4j-api/2.19.0/log4j-api-2.19.0.jar
Unpacking org/apache/logging/log4j/log4j-core/2.19.0/log4j-core-2.19.0.jar (libraries:org.apache.logging.log4j:log4j-core:2.19.0) to libraries/org/apache/logging/log4j/log4j-core/2.19.0/log4j-core-2.19.0.jar
Unpacking org/apache/logging/log4j/log4j-slf4j2-impl/2.19.0/log4j-slf4j2-impl-2.19.0.jar (libraries:org.apache.logging.log4j:log4j-slf4j2-impl:2.19.0) to libraries/org/apache/logging/log4j/log4j-slf4j2-impl/2.19.0/log4j-slf4j2-impl-2.19.0.jar
Unpacking org/joml/joml/1.10.5/joml-1.10.5.jar (libraries:org.joml:joml:1.10.5) to libraries/org/joml/joml/1.10.5/joml-1.10.5.jar
Unpacking org/slf4j/slf4j-api/2.0.1/slf4j-api-2.0.1.jar (libraries:org.slf4j:slf4j-api:2.0.1) to libraries/org/slf4j/slf4j-api/2.0.1/slf4j-api-2.0.1.jar
Starting net.fabricmc.loader.impl.game.minecraft.BundlerClassPathCapture
[15:36:51] [main/INFO]: Loading Minecraft 1.20.1 with Fabric Loader 0.19.1
[15:36:51] [main/INFO]: Fabric is preparing JARs on first launch, this may take a few seconds...
[15:36:52] [main/INFO]: Loading 4 mods:
	- fabricloader 0.19.1
	   \-- mixinextras 0.5.3
	- java 17
	- minecraft 1.20.1
[15:36:52] [main/INFO]: SpongePowered MIXIN Subsystem Version=0.8.7 Source=file:/workspaces/GSP-GITHUB-SERVER-PROJECT/minecraft-server/serverfiles/libraries/net/fabricmc/sponge-mixin/0.17.1+mixin.0.8.7/sponge-mixin-0.17.1+mixin.0.8.7.jar Service=Knot/Fabric Env=SERVER
[15:36:59] [main/INFO]: Environment: authHost='https://authserver.mojang.com', accountsHost='https://api.mojang.com', sessionHost='https://sessionserver.mojang.com', servicesHost='https://api.minecraftservices.com', name='PROD'
[15:37:00] [main/WARN]: Failed to parse level-type default, defaulting to minecraft:normal
[15:37:01] [main/INFO]: Loaded 7 recipes
[15:37:01] [main/INFO]: Loaded 1271 advancements
[15:37:02] [Server thread/INFO]: Starting minecraft server version 1.20.1
[15:37:02] [Server thread/INFO]: Loading properties
[15:37:02] [Server thread/INFO]: Default game type: SURVIVAL
[15:37:02] [Server thread/INFO]: Generating keypair
[15:37:02] [Server thread/INFO]: Starting Minecraft server on *:25565
[15:37:02] [Server thread/INFO]: Using epoll channel type
[15:37:03] [Server thread/WARN]: **** SERVER IS RUNNING IN OFFLINE/INSECURE MODE!
[15:37:03] [Server thread/WARN]: The server will make no attempt to authenticate usernames. Beware.
[15:37:03] [Server thread/WARN]: While this makes the game possible to play without internet access, it also opens up the ability for hackers to connect with any username they choose.
[15:37:03] [Server thread/WARN]: To change this, set "online-mode" to "true" in the server.properties file.
[15:37:03] [Server thread/INFO]: Preparing level "world"
[15:37:11] [Server thread/INFO]: Preparing start region for dimension minecraft:overworld
[15:37:13] [Worker-Main-1/INFO]: Preparing spawn area: 0%
[15:37:13] [Worker-Main-1/INFO]: Preparing spawn area: 0%
[15:37:13] [Worker-Main-3/INFO]: Preparing spawn area: 0%
[15:37:13] [Worker-Main-2/INFO]: Preparing spawn area: 0%
[15:37:13] [Worker-Main-1/INFO]: Preparing spawn area: 0%
[15:37:14] [Worker-Main-2/INFO]: Preparing spawn area: 0%
[15:37:14] [Worker-Main-1/INFO]: Preparing spawn area: 0%
[15:37:15] [Worker-Main-3/INFO]: Preparing spawn area: 0%
[15:37:15] [Worker-Main-2/INFO]: Preparing spawn area: 0%
[15:37:16] [Worker-Main-2/INFO]: Preparing spawn area: 1%
[15:37:16] [Worker-Main-1/INFO]: Preparing spawn area: 1%
[15:37:17] [Worker-Main-1/INFO]: Preparing spawn area: 2%
[15:37:17] [Worker-Main-1/INFO]: Preparing spawn area: 2%
[15:37:18] [Worker-Main-3/INFO]: Preparing spawn area: 3%
[15:37:18] [Worker-Main-1/INFO]: Preparing spawn area: 4%
[15:37:19] [Worker-Main-3/INFO]: Preparing spawn area: 4%
[15:37:19] [Worker-Main-2/INFO]: Preparing spawn area: 4%
[15:37:20] [Worker-Main-3/INFO]: Preparing spawn area: 5%
[15:37:20] [Worker-Main-3/INFO]: Preparing spawn area: 5%
[15:37:21] [Worker-Main-2/INFO]: Preparing spawn area: 6%
[15:37:21] [Worker-Main-2/INFO]: Preparing spawn area: 7%
[15:37:22] [Worker-Main-2/INFO]: Preparing spawn area: 9%
[15:37:22] [Worker-Main-3/INFO]: Preparing spawn area: 10%
[15:37:23] [Worker-Main-2/INFO]: Preparing spawn area: 11%
[15:37:23] [Worker-Main-3/INFO]: Preparing spawn area: 12%
[15:37:24] [Worker-Main-3/INFO]: Preparing spawn area: 13%
[15:37:24] [Worker-Main-2/INFO]: Preparing spawn area: 15%
[15:37:25] [Worker-Main-3/INFO]: Preparing spawn area: 16%
[15:37:25] [Worker-Main-1/INFO]: Preparing spawn area: 17%
[15:37:26] [Worker-Main-1/INFO]: Preparing spawn area: 19%
[15:37:26] [Worker-Main-1/INFO]: Preparing spawn area: 19%
[15:37:27] [Worker-Main-2/INFO]: Preparing spawn area: 20%
[15:37:27] [Worker-Main-2/INFO]: Preparing spawn area: 22%
[15:37:28] [Worker-Main-2/INFO]: Preparing spawn area: 24%
[15:37:28] [Worker-Main-1/INFO]: Preparing spawn area: 26%
[15:37:29] [Worker-Main-3/INFO]: Preparing spawn area: 27%
[15:37:29] [Worker-Main-3/INFO]: Preparing spawn area: 28%
[15:37:30] [Worker-Main-1/INFO]: Preparing spawn area: 30%
[15:37:30] [Worker-Main-1/INFO]: Preparing spawn area: 32%
[15:37:31] [Worker-Main-1/INFO]: Preparing spawn area: 33%
[15:37:31] [Worker-Main-2/INFO]: Preparing spawn area: 35%
[15:37:32] [Worker-Main-1/INFO]: Preparing spawn area: 37%
[15:37:32] [Worker-Main-2/INFO]: Preparing spawn area: 38%
[15:37:33] [Worker-Main-2/INFO]: Preparing spawn area: 40%
[15:37:33] [Worker-Main-2/INFO]: Preparing spawn area: 42%
[15:37:34] [Worker-Main-3/INFO]: Preparing spawn area: 43%
[15:37:34] [Worker-Main-1/INFO]: Preparing spawn area: 44%
[15:37:35] [Worker-Main-1/INFO]: Preparing spawn area: 45%
[15:37:35] [Worker-Main-2/INFO]: Preparing spawn area: 48%
[15:37:36] [Worker-Main-1/INFO]: Preparing spawn area: 49%
[15:37:36] [Worker-Main-2/INFO]: Preparing spawn area: 52%
[15:37:37] [Worker-Main-2/INFO]: Preparing spawn area: 54%
[15:37:37] [Worker-Main-1/INFO]: Preparing spawn area: 55%
[15:37:38] [Worker-Main-2/INFO]: Preparing spawn area: 58%
[15:37:38] [Worker-Main-3/INFO]: Preparing spawn area: 60%
[15:37:39] [Worker-Main-3/INFO]: Preparing spawn area: 62%
[15:37:39] [Worker-Main-1/INFO]: Preparing spawn area: 63%
[15:37:40] [Worker-Main-2/INFO]: Preparing spawn area: 65%
[15:37:40] [Worker-Main-3/INFO]: Preparing spawn area: 67%
[15:37:41] [Worker-Main-1/INFO]: Preparing spawn area: 68%
[15:37:41] [Worker-Main-3/INFO]: Preparing spawn area: 70%
[15:37:42] [Worker-Main-1/INFO]: Preparing spawn area: 72%
[15:37:42] [Worker-Main-1/INFO]: Preparing spawn area: 74%
[15:37:43] [Worker-Main-3/INFO]: Preparing spawn area: 76%
[15:37:43] [Worker-Main-3/INFO]: Preparing spawn area: 80%
[15:37:44] [Worker-Main-1/INFO]: Preparing spawn area: 82%
[15:37:44] [Worker-Main-1/INFO]: Preparing spawn area: 84%
[15:37:45] [Worker-Main-1/INFO]: Preparing spawn area: 86%
[15:37:45] [Worker-Main-2/INFO]: Preparing spawn area: 88%
[15:37:46] [Worker-Main-2/INFO]: Preparing spawn area: 90%
[15:37:46] [Worker-Main-2/INFO]: Preparing spawn area: 92%
[15:37:47] [Worker-Main-3/INFO]: Preparing spawn area: 94%
[15:37:47] [Worker-Main-3/INFO]: Preparing spawn area: 97%
[15:37:47] [Server thread/INFO]: Time elapsed: 36321 ms
[15:37:47] [Server thread/INFO]: Done (44.889s)! For help, type "help"
[15:37:47] [Server thread/INFO]: Starting GS4 status listener
[15:37:47] [Server thread/INFO]: Thread Query Listener started
[15:37:47] [Query Listener #1/INFO]: Query running on 0.0.0.0:25565
[15:38:00] [Server thread/INFO]: ronalpr8w[/127.129.104.207:55897] logged in with entity id 307 at (-11.5, 70.0, 16.5)
[15:38:00] [Server thread/INFO]: ronalpr8w joined the game
[15:40:39] [Server thread/INFO]: ronalpr8w lost connection: Disconnected
[15:40:39] [Server thread/INFO]: ronalpr8w left the game

stop
[15:41:28] [Server thread/INFO]: Unknown or incomplete command, see below for error
[15:41:28] [Server thread/INFO]: <--[HERE]
[15:41:28] [Server thread/INFO]: Stopping the server
[15:41:28] [Server thread/INFO]: Stopping server
[15:41:28] [Server thread/INFO]: Saving players
[15:41:28] [Server thread/INFO]: Saving worlds
[15:41:30] [Server thread/INFO]: Saving chunks for level 'ServerLevel[world]'/minecraft:overworld
[15:41:33] [Server thread/INFO]: Saving chunks for level 'ServerLevel[world]'/minecraft:the_nether
[15:41:33] [Server thread/INFO]: Saving chunks for level 'ServerLevel[world]'/minecraft:the_end
[15:41:33] [Server thread/INFO]: ThreadedAnvilChunkStorage (world): All chunks are saved
[15:41:33] [Server thread/INFO]: ThreadedAnvilChunkStorage (DIM-1): All chunks are saved
[15:41:33] [Server thread/INFO]: ThreadedAnvilChunkStorage (DIM1): All chunks are saved
[15:41:33] [Server thread/INFO]: ThreadedAnvilChunkStorage: All dimensions are saved
[15:41:34] [Server thread/INFO]: Thread Query Listener stopped
