Apr 13 14:51:19.980 mcserver: INSTALL: INFO: Logs installed
Apr 13 14:51:20.175 mcserver: INSTALL: PASS: Downloading check_deps.sh...
Apr 13 14:51:20.711 mcserver: INSTALL: PASS: Checking ubuntu-24.04.csv
Apr 13 14:51:21.105 mcserver: INSTALL: PASS: Downloading ubuntu-24.04.csv...
Apr 13 14:51:23.859 mcserver: INSTALL: WARN: Missing dependencies: bc bsdmainutils cpio distro-info tmux uuid-runtime
Apr 13 14:51:23.982 mcserver: INSTALL: INFO: codespace has sudo access.
Apr 13 14:51:24.097 mcserver: INSTALL: INFO: Automatically installing missing dependencies.
Apr 13 14:51:39.796 mcserver: INSTALL: PASS: Downloading install_server_files.sh...
Apr 13 14:51:39.998 mcserver: INSTALL: PASS: Downloading install_eula.sh...
Apr 13 14:51:45.424 mcserver: INSTALL: PASS: Downloading update_mc.sh...
Apr 13 14:51:46.730 mcserver: INSTALL: PASS: Downloading minecraft_server.26.1.2.jar...
Apr 13 14:51:46.907 mcserver: INSTALL: PASS: clearing tmp directory /workspaces/GSP-GITHUB-SERVER-PROJECT/minecraft-server/lgsm/tmp
Apr 13 14:51:47.114 mcserver: INSTALL: PASS: Downloading check_gamedig.sh...
Apr 13 14:51:48.683 mcserver: INSTALL: INFO: Installing Gamedig
Apr 13 14:51:55.919 mcserver: INSTALL: PASS: Downloading install_config.sh...
Apr 13 14:51:57.335 mcserver: INSTALL: PASS: Downloading server.properties...
Apr 13 14:51:57.449 mcserver: INSTALL: PASS: copying config file /workspaces/GSP-GITHUB-SERVER-PROJECT/minecraft-server/serverfiles/server.properties
Apr 13 14:51:57.463 mcserver: INSTALL: INFO: setting hostname
Apr 13 14:51:57.679 mcserver: INSTALL: PASS: setting hostname
Apr 13 14:51:57.682 mcserver: INSTALL: INFO: generating admin/rcon password
Apr 13 14:51:57.899 mcserver: INSTALL: PASS: generating admin/rcon password
Apr 13 14:51:58.232 mcserver: INSTALL: PASS: Downloading fix.sh...
Apr 13 14:51:58.477 mcserver: INSTALL: PASS: Downloading install_stats.sh...
Apr 13 14:51:58.813 mcserver: INSTALL: PASS: Downloading install_complete.sh...
Apr 13 14:51:58.826 mcserver: INSTALL: PASS: Install Complete!
Apr 13 14:51:59.144 mcserver: INSTALL: PASS: Downloading core_exit.sh...
Apr 13 14:51:59.157 mcserver: INSTALL: INFO: LinuxGSM version: v25.2.0
Apr 13 14:51:59.159 mcserver: INSTALL: PASS: core_exit.sh exiting with code: 0
Apr 13 14:52:26.634 mcserver: CORE: INFO: Querying http://ip-api.com/json for public IP address
Apr 13 14:52:26.673 mcserver: CORE: PASS: Queried http://ip-api.com/json for public IP address
Apr 13 14:52:26.883 mcserver: CORE: PASS: Downloading linuxgsm.sh...
Apr 13 14:52:27.390 mcserver: CORE: PASS: Downloading command_start.sh...
Apr 13 14:52:28.218 mcserver: START: PASS: Downloading check_root.sh...
Apr 13 14:52:28.579 mcserver: START: PASS: Downloading check_system_dir.sh...
Apr 13 14:52:28.797 mcserver: START: PASS: Downloading check_executable.sh...
Apr 13 14:52:29.397 mcserver: START: PASS: Downloading check_logs.sh...
Apr 13 14:52:30.125 mcserver: START: PASS: Downloading check_config.sh...
Apr 13 14:52:30.206 mcserver: START: PASS: Using cached IP as public IP address
Apr 13 14:52:30.470 mcserver: START: PASS: Downloading check_status.sh...
Apr 13 14:52:31.771 mcserver: START: PASS: Using cached IP as public IP address
Apr 13 14:52:31.994 mcserver: START: PASS: Downloading core_logs.sh...
Apr 13 14:52:32.623 mcserver: START: INFO: Rotating log files
