Apr 13 15:08:33.957 mcserver: START: FAIL: Unable to start LinuxGSM
Apr 13 15:08:33.988 mcserver: START: INFO: LinuxGSM version: v25.2.0
Apr 13 15:08:33.994 mcserver: START: FAIL: core_exit.sh exiting with code: 1
Apr 13 15:10:16.182 mcserver: CORE: PASS: Using cached IP as public IP address
Apr 13 15:10:17.352 mcserver: CORE: PASS: Downloading command_debug.sh...
Apr 13 15:10:19.367 mcserver: DEBUG: PASS: Using cached IP as public IP address
Apr 13 15:10:20.717 mcserver: DEBUG: PASS: Using cached IP as public IP address
Apr 13 15:10:53.338 mcserver: DEBUG: INFO: Stopping any running servers
Apr 13 15:10:53.596 mcserver: DEBUG: PASS: Downloading command_stop.sh...
Apr 13 15:10:54.678 mcserver: STOP: PASS: Using cached IP as public IP address
Apr 13 15:10:58.027 mcserver: STOP: PASS: Using cached IP as public IP address
Apr 13 15:10:58.178 mcserver: STOP: INFO: LinuxGSM is already stopped
Apr 13 15:10:58.814 mcserver: DEBUG: INFO: Starting debug
Apr 13 15:10:58.935 mcserver: DEBUG: INFO: Lockfile generated
Apr 13 15:10:58.948 mcserver: DEBUG: INFO: /workspaces/GSP-GITHUB-SERVER-PROJECT/minecraft-server/lgsm/lock/mcserver-started.lock
Apr 13 15:10:59.147 mcserver: DEBUG: ERROR: Server has stopped: exit code: 1
Apr 13 15:14:15.386 mcserver: DEBUG: PASS: Stopping debug
Apr 13 15:14:15.398 mcserver: DEBUG: INFO: LinuxGSM version: v25.2.0
Apr 13 15:14:15.402 mcserver: DEBUG: PASS: core_exit.sh exiting with code: 0
Apr 13 15:16:28.295 mcserver: CORE: PASS: Using cached IP as public IP address
Apr 13 15:16:31.543 mcserver: START: PASS: Using cached IP as public IP address
Apr 13 15:16:35.542 mcserver: START: PASS: Using cached IP as public IP address
Apr 13 15:16:36.274 mcserver: START: INFO: Rotating log files
