Apr 13 15:16:37.527 mcserver: START: FAIL: Unable to start LinuxGSM
Apr 13 15:16:37.574 mcserver: START: INFO: LinuxGSM version: v25.2.0
Apr 13 15:16:37.579 mcserver: START: FAIL: core_exit.sh exiting with code: 1
Apr 13 15:31:04.727 mcserver: CORE: PASS: Using cached IP as public IP address
Apr 13 15:31:08.210 mcserver: INSTALL: INFO: Logs installed
Apr 13 15:31:11.811 mcserver: INSTALL: INFO: Required dependencies already installed.
Apr 13 15:31:18.366 mcserver: INSTALL: PASS: Downloading minecraft_server.26.1.2.jar...
Apr 13 15:31:18.623 mcserver: INSTALL: PASS: clearing tmp directory /workspaces/GSP-GITHUB-SERVER-PROJECT/minecraft-server/lgsm/tmp
Apr 13 15:31:23.600 mcserver: INSTALL: PASS: Downloading server.properties...
Apr 13 15:31:23.835 mcserver: INSTALL: INFO: setting hostname
Apr 13 15:31:24.078 mcserver: INSTALL: INFO: generating admin/rcon password
Apr 13 15:31:24.638 mcserver: INSTALL: PASS: Install Complete!
Apr 13 15:31:24.782 mcserver: INSTALL: INFO: LinuxGSM version: v25.2.0
Apr 13 15:31:24.791 mcserver: INSTALL: PASS: core_exit.sh exiting with code: 0
Apr 13 15:36:32.562 mcserver: CORE: INFO: Querying http://ip-api.com/json for public IP address
Apr 13 15:36:32.596 mcserver: CORE: PASS: Queried http://ip-api.com/json for public IP address
Apr 13 15:36:32.947 mcserver: CORE: PASS: Downloading linuxgsm.sh...
Apr 13 15:36:35.889 mcserver: START: PASS: Using cached IP as public IP address
Apr 13 15:36:39.873 mcserver: START: PASS: Using cached IP as public IP address
Apr 13 15:36:40.589 mcserver: START: INFO: Rotating log files
